<?xml version="1.0" encoding="UTF-8" ?>
<testsuite tests="22" failures="0" name="feature.movie.MovieSearchTest" time="0.016" errors="0" skipped="0">
  <properties>
    <property name="java.runtime.name" value="Java(TM) SE Runtime Environment"/>
    <property name="sun.boot.library.path" value="C:\Program Files (x86)\Java\jdk1.8.0_45\jre\bin"/>
    <property name="java.vm.version" value="25.45-b02"/>
    <property name="java.vm.vendor" value="Oracle Corporation"/>
    <property name="maven.multiModuleProjectDirectory" value="C:\Users\wasadmin\roman-workspace\MovieCatalog"/>
    <property name="java.vendor.url" value="http://java.oracle.com/"/>
    <property name="path.separator" value=";"/>
    <property name="guice.disable.misplaced.annotation.check" value="true"/>
    <property name="java.vm.name" value="Java HotSpot(TM) Client VM"/>
    <property name="file.encoding.pkg" value="sun.io"/>
    <property name="user.script" value=""/>
    <property name="user.country" value="US"/>
    <property name="sun.java.launcher" value="SUN_STANDARD"/>
    <property name="sun.os.patch.level" value="Service Pack 1"/>
    <property name="java.vm.specification.name" value="Java Virtual Machine Specification"/>
    <property name="user.dir" value="C:\Users\wasadmin\roman-workspace\MovieCatalog"/>
    <property name="java.runtime.version" value="1.8.0_45-b14"/>
    <property name="java.awt.graphicsenv" value="sun.awt.Win32GraphicsEnvironment"/>
    <property name="java.endorsed.dirs" value="C:\Program Files (x86)\Java\jdk1.8.0_45\jre\lib\endorsed"/>
    <property name="os.arch" value="x86"/>
    <property name="java.io.tmpdir" value="C:\Users\wasadmin\AppData\Local\Temp\2\"/>
    <property name="line.separator" value="
"/>
    <property name="java.vm.specification.vendor" value="Oracle Corporation"/>
    <property name="user.variant" value=""/>
    <property name="os.name" value="Windows Server 2008 R2"/>
    <property name="classworlds.conf" value="C:\Users\wasadmin\roman-workspace\.metadata\.plugins\org.eclipse.m2e.launching\launches\m2conf892264485827707457.tmp"/>
    <property name="sun.jnu.encoding" value="Cp1252"/>
    <property name="java.library.path" value="C:\Program Files (x86)\Java\jdk1.8.0_45\bin;C:\Windows\Sun\Java\bin;C:\Windows\system32;C:\Windows;C:/Progra~2/Java/jdk1.8.0_45/bin/../jre/bin/client;C:/Progra~2/Java/jdk1.8.0_45/bin/../jre/bin;C:/Progra~2/Java/jdk1.8.0_45/bin/../jre/lib/i386;C:\Progra~2\Java\jdk1.8.0_45\bin;C:\ProgramData\Oracle\Java\javapath;C:\Windows\system32;C:\Windows;C:\Windows\System32\Wbem;C:\Windows\System32\WindowsPowerShell\v1.0\;C:\Software\apache-maven-3.3.9\bin;C:\Program Files\Git\cmd;C:\Software\eclipse;;."/>
    <property name="java.specification.name" value="Java Platform API Specification"/>
    <property name="java.class.version" value="52.0"/>
    <property name="sun.management.compiler" value="HotSpot Client Compiler"/>
    <property name="os.version" value="6.1"/>
    <property name="user.home" value="C:\Users\wasadmin"/>
    <property name="user.timezone" value="America/New_York"/>
    <property name="java.awt.printerjob" value="sun.awt.windows.WPrinterJob"/>
    <property name="java.specification.version" value="1.8"/>
    <property name="file.encoding" value="Cp1252"/>
    <property name="user.name" value="wasadmin"/>
    <property name="java.class.path" value="C:\Software\eclipse\plugins\org.eclipse.m2e.maven.runtime_1.8.3.20180227-2135\jars\plexus-classworlds-2.5.2.jar"/>
    <property name="java.vm.specification.version" value="1.8"/>
    <property name="sun.arch.data.model" value="32"/>
    <property name="java.home" value="C:\Program Files (x86)\Java\jdk1.8.0_45\jre"/>
    <property name="sun.java.command" value="org.codehaus.plexus.classworlds.launcher.Launcher -B test"/>
    <property name="java.specification.vendor" value="Oracle Corporation"/>
    <property name="user.language" value="en"/>
    <property name="awt.toolkit" value="sun.awt.windows.WToolkit"/>
    <property name="java.vm.info" value="mixed mode, sharing"/>
    <property name="java.version" value="1.8.0_45"/>
    <property name="java.ext.dirs" value="C:\Program Files (x86)\Java\jdk1.8.0_45\jre\lib\ext;C:\Windows\Sun\Java\lib\ext"/>
    <property name="sun.boot.class.path" value="C:\Program Files (x86)\Java\jdk1.8.0_45\jre\lib\resources.jar;C:\Program Files (x86)\Java\jdk1.8.0_45\jre\lib\rt.jar;C:\Program Files (x86)\Java\jdk1.8.0_45\jre\lib\sunrsasign.jar;C:\Program Files (x86)\Java\jdk1.8.0_45\jre\lib\jsse.jar;C:\Program Files (x86)\Java\jdk1.8.0_45\jre\lib\jce.jar;C:\Program Files (x86)\Java\jdk1.8.0_45\jre\lib\charsets.jar;C:\Program Files (x86)\Java\jdk1.8.0_45\jre\lib\jfr.jar;C:\Program Files (x86)\Java\jdk1.8.0_45\jre\classes"/>
    <property name="java.vendor" value="Oracle Corporation"/>
    <property name="maven.home" value="C:\Users\wasadmin\roman-workspace\MovieCatalog\EMBEDDED"/>
    <property name="file.separator" value="\"/>
    <property name="java.vendor.url.bug" value="http://bugreport.sun.com/bugreport/"/>
    <property name="sun.cpu.endian" value="little"/>
    <property name="sun.io.unicode.encoding" value="UnicodeLittle"/>
    <property name="sun.desktop" value="windows"/>
    <property name="sun.cpu.isalist" value="pentium_pro+mmx pentium_pro pentium+mmx pentium i486 i386 i86"/>
  </properties>
  <testcase classname="| &apos;Out&apos; | 2 | 3 |" name="Given a movie with the title &apos;Inside Out&apos;, produced by &apos;Pixar&apos;, released 19 June 2015" time="0.016"/>
  <testcase classname="| &apos;Out&apos; | 2 | 3 |" name="And a movie with the title &apos;Out of Africa&apos;, produced by &apos;Universal Pictures&apos;, released 20 December 1985" time="0"/>
  <testcase classname="| &apos;Out&apos; | 2 | 3 |" name="And a movie with the title &apos;Avatar&apos;, produced by &apos;20th Century Fox&apos;, released 18 December 2009" time="0"/>
  <testcase classname="| &apos;Out&apos; | 2 | 3 |" name="When the customer searches for movies with the keyword &apos;Out&apos;" time="0"/>
  <testcase classname="| &apos;Out&apos; | 2 | 3 |" name="Then 2 movie should have been found" time="0"/>
  <testcase classname="| &apos;Out&apos; | 2 | 3 |" name="And the catalog should have 3 total movies" time="0"/>
  <testcase classname="| &apos;Out&apos; | 2 | 3 |" name="| &apos;Out&apos; | 2 | 3 |" time="0"/>
  <testcase classname="Scenario: Search movies by order" name="Given a movie with the title &apos;Inside Out&apos;, produced by &apos;Pixar&apos;, released 19 June 2015" time="0"/>
  <testcase classname="Scenario: Search movies by order" name="And a movie with the title &apos;Out of Africa&apos;, produced by &apos;Universal Pictures&apos;, released 20 December 1985" time="0"/>
  <testcase classname="Scenario: Search movies by order" name="And a movie with the title &apos;Avatar&apos;, produced by &apos;20th Century Fox&apos;, released 18 December 2009" time="0"/>
  <testcase classname="Scenario: Search movies by order" name="When the customer searches for the third movie" time="0"/>
  <testcase classname="Scenario: Search movies by order" name="Then 1 movie should have been found" time="0"/>
  <testcase classname="Scenario: Search movies by order" name="And the movie title should be &apos;Avatar&apos;" time="0"/>
  <testcase classname="Scenario: Search movies by order" name="Scenario: Search movies by order" time="0"/>
  <testcase classname="Scenario: Add a couple movies and validate the size of the catalog" name="Given That I want to quickly and easily manage my catalog of movies" time="0"/>
  <testcase classname="Scenario: Add a couple movies and validate the size of the catalog" name="When I add 2 movies to the catalog" time="0"/>
  <testcase classname="Scenario: Add a couple movies and validate the size of the catalog" name="Then I will have 2 movies in the catalog" time="0"/>
  <testcase classname="Scenario: Add a couple movies and validate the size of the catalog" name="Scenario: Add a couple movies and validate the size of the catalog" time="0"/>
  <testcase classname="Scenario: Add no movies and validate the size of the catalog remains zero" name="Given That I want to quickly and easily manage my catalog of movies" time="0"/>
  <testcase classname="Scenario: Add no movies and validate the size of the catalog remains zero" name="When I add 0 movies to the catalog" time="0"/>
  <testcase classname="Scenario: Add no movies and validate the size of the catalog remains zero" name="Then I will have 0 movies in the catalog" time="0"/>
  <testcase classname="Scenario: Add no movies and validate the size of the catalog remains zero" name="Scenario: Add no movies and validate the size of the catalog remains zero" time="0"/>
</testsuite>